1299 [restartedMain] INFO  com.example.lab19.Lab19Application
                – Starting Lab19Application using Java 20 with PID 2000 (D:\JavaPatternMirea\src\Lab19\target\classes started by rodio in D:\JavaPatternMirea)
1337 [restartedMain] INFO  com.example.lab19.Lab19Application
                – No active profile set, falling back to 1 default profile: "default"
1434 [restartedMain] INFO  o.s.b.d.e.DevToolsPropertyDefaultsPostProcessor
                – Devtools property defaults active! Set 'spring.devtools.add-properties' to 'false' to disable
1434 [restartedMain] INFO  o.s.b.d.e.DevToolsPropertyDefaultsPostProcessor
                – For additional web related logging consider setting the 'logging.level.web' property to 'DEBUG'
2285 [restartedMain] WARN  o.s.b.w.s.c.AnnotationConfigServletWebServerApplicationContext
                – Exception encountered during context initialization - cancelling refresh attempt: org.springframework.beans.factory.BeanDefinitionStoreException: Failed to process import candidates for configuration class [org.springframework.boot.autoconfigure.security.servlet.SpringBootWebSecurityConfiguration$WebSecurityEnablerConfiguration]: class path resource [org/springframework/web/servlet/config/annotation/WebMvcConfigurerAdapter.class] cannot be opened because it does not exist
2294 [restartedMain] INFO  o.s.b.a.l.ConditionEvaluationReportLogger
                – 

Error starting ApplicationContext. To display the condition evaluation report re-run your application with 'debug' enabled.
2326 [restartedMain] ERROR o.s.boot.SpringApplication
                – Application run failed
org.springframework.beans.factory.BeanDefinitionStoreException: Failed to process import candidates for configuration class [org.springframework.boot.autoconfigure.security.servlet.SpringBootWebSecurityConfiguration$WebSecurityEnablerConfiguration]: class path resource [org/springframework/web/servlet/config/annotation/WebMvcConfigurerAdapter.class] cannot be opened because it does not exist
	at org.springframework.context.annotation.ConfigurationClassParser.processImports(ConfigurationClassParser.java:524)
	at org.springframework.context.annotation.ConfigurationClassParser.processImports(ConfigurationClassParser.java:497)
	at org.springframework.context.annotation.ConfigurationClassParser.doProcessConfigurationClass(ConfigurationClassParser.java:304)
	at org.springframework.context.annotation.ConfigurationClassParser.processConfigurationClass(ConfigurationClassParser.java:243)
	at org.springframework.context.annotation.ConfigurationClassParser.processMemberClasses(ConfigurationClassParser.java:365)
	at org.springframework.context.annotation.ConfigurationClassParser.doProcessConfigurationClass(ConfigurationClassParser.java:265)
	at org.springframework.context.annotation.ConfigurationClassParser.processConfigurationClass(ConfigurationClassParser.java:243)
	at org.springframework.context.annotation.ConfigurationClassParser.processImports(ConfigurationClassParser.java:514)
	at org.springframework.context.annotation.ConfigurationClassParser.doProcessConfigurationClass(ConfigurationClassParser.java:304)
	at org.springframework.context.annotation.ConfigurationClassParser.processConfigurationClass(ConfigurationClassParser.java:243)
	at org.springframework.context.annotation.ConfigurationClassParser.processImports(ConfigurationClassParser.java:514)
	at org.springframework.context.annotation.ConfigurationClassParser$DeferredImportSelectorGroupingHandler.lambda$processGroupImports$1(ConfigurationClassParser.java:726)
	at java.base/java.lang.Iterable.forEach(Iterable.java:75)
	at org.springframework.context.annotation.ConfigurationClassParser$DeferredImportSelectorGroupingHandler.processGroupImports(ConfigurationClassParser.java:723)
	at org.springframework.context.annotation.ConfigurationClassParser$DeferredImportSelectorHandler.process(ConfigurationClassParser.java:694)
	at org.springframework.context.annotation.ConfigurationClassParser.parse(ConfigurationClassParser.java:182)
	at org.springframework.context.annotation.ConfigurationClassPostProcessor.processConfigBeanDefinitions(ConfigurationClassPostProcessor.java:398)
	at org.springframework.context.annotation.ConfigurationClassPostProcessor.postProcessBeanDefinitionRegistry(ConfigurationClassPostProcessor.java:283)
	at org.springframework.context.support.PostProcessorRegistrationDelegate.invokeBeanDefinitionRegistryPostProcessors(PostProcessorRegistrationDelegate.java:344)
	at org.springframework.context.support.PostProcessorRegistrationDelegate.invokeBeanFactoryPostProcessors(PostProcessorRegistrationDelegate.java:115)
	at org.springframework.context.support.AbstractApplicationContext.invokeBeanFactoryPostProcessors(AbstractApplicationContext.java:747)
	at org.springframework.context.support.AbstractApplicationContext.refresh(AbstractApplicationContext.java:565)
	at org.springframework.boot.web.servlet.context.ServletWebServerApplicationContext.refresh(ServletWebServerApplicationContext.java:146)
	at org.springframework.boot.SpringApplication.refresh(SpringApplication.java:732)
	at org.springframework.boot.SpringApplication.refreshContext(SpringApplication.java:434)
	at org.springframework.boot.SpringApplication.run(SpringApplication.java:310)
	at org.springframework.boot.SpringApplication.run(SpringApplication.java:1304)
	at org.springframework.boot.SpringApplication.run(SpringApplication.java:1293)
	at com.example.lab19.Lab19Application.main(Lab19Application.java:10)
	at java.base/jdk.internal.reflect.DirectMethodHandleAccessor.invoke(DirectMethodHandleAccessor.java:104)
	at java.base/java.lang.reflect.Method.invoke(Method.java:578)
	at org.springframework.boot.devtools.restart.RestartLauncher.run(RestartLauncher.java:49)
Caused by: java.io.FileNotFoundException: class path resource [org/springframework/web/servlet/config/annotation/WebMvcConfigurerAdapter.class] cannot be opened because it does not exist
	at org.springframework.core.io.ClassPathResource.getInputStream(ClassPathResource.java:211)
	at org.springframework.core.type.classreading.SimpleMetadataReader.getClassReader(SimpleMetadataReader.java:54)
	at org.springframework.core.type.classreading.SimpleMetadataReader.<init>(SimpleMetadataReader.java:48)
	at org.springframework.core.type.classreading.SimpleMetadataReaderFactory.getMetadataReader(SimpleMetadataReaderFactory.java:103)
	at org.springframework.boot.type.classreading.ConcurrentReferenceCachingMetadataReaderFactory.createMetadataReader(ConcurrentReferenceCachingMetadataReaderFactory.java:86)
	at org.springframework.boot.type.classreading.ConcurrentReferenceCachingMetadataReaderFactory.getMetadataReader(ConcurrentReferenceCachingMetadataReaderFactory.java:73)
	at org.springframework.core.type.classreading.SimpleMetadataReaderFactory.getMetadataReader(SimpleMetadataReaderFactory.java:81)
	at org.springframework.context.annotation.ConfigurationClassParser.asSourceClass(ConfigurationClassParser.java:610)
	at org.springframework.context.annotation.ConfigurationClassParser$SourceClass.getSuperClass(ConfigurationClassParser.java:923)
	at org.springframework.context.annotation.ConfigurationClassParser.doProcessConfigurationClass(ConfigurationClassParser.java:334)
	at org.springframework.context.annotation.ConfigurationClassParser.processConfigurationClass(ConfigurationClassParser.java:243)
	at org.springframework.context.annotation.ConfigurationClassParser.processImports(ConfigurationClassParser.java:514)
	... 31 common frames omitted
785  [restartedMain] INFO  com.example.lab19.Lab19Application
                – Starting Lab19Application using Java 20 with PID 25608 (D:\JavaPatternMirea\src\Lab19\target\classes started by rodio in D:\JavaPatternMirea)
787  [restartedMain] INFO  com.example.lab19.Lab19Application
                – No active profile set, falling back to 1 default profile: "default"
830  [restartedMain] INFO  o.s.b.d.e.DevToolsPropertyDefaultsPostProcessor
                – Devtools property defaults active! Set 'spring.devtools.add-properties' to 'false' to disable
831  [restartedMain] INFO  o.s.b.d.e.DevToolsPropertyDefaultsPostProcessor
                – For additional web related logging consider setting the 'logging.level.web' property to 'DEBUG'
1850 [restartedMain] INFO  o.s.d.r.c.RepositoryConfigurationDelegate
                – Bootstrapping Spring Data JPA repositories in DEFAULT mode.
1954 [restartedMain] INFO  o.s.d.r.c.RepositoryConfigurationDelegate
                – Finished Spring Data repository scanning in 85 ms. Found 2 JPA repository interfaces.
2739 [restartedMain] INFO  o.s.b.w.e.tomcat.TomcatWebServer
                – Tomcat initialized with port(s): 8080 (http)
2757 [restartedMain] INFO  o.a.coyote.http11.Http11NioProtocol
                – Initializing ProtocolHandler ["http-nio-8080"]
2759 [restartedMain] INFO  o.a.catalina.core.StandardService
                – Starting service [Tomcat]
2760 [restartedMain] INFO  o.a.catalina.core.StandardEngine
                – Starting Servlet engine: [Apache Tomcat/10.1.7]
2882 [restartedMain] INFO  o.a.c.c.C.[Tomcat].[localhost].[/]
                – Initializing Spring embedded WebApplicationContext
2883 [restartedMain] INFO  o.s.b.w.s.c.ServletWebServerApplicationContext
                – Root WebApplicationContext: initialization completed in 2052 ms
3161 [restartedMain] INFO  com.zaxxer.hikari.HikariDataSource
                – HikariPool-1 - Starting...
3370 [restartedMain] INFO  com.zaxxer.hikari.pool.HikariPool
                – HikariPool-1 - Added connection org.postgresql.jdbc.PgConnection@7bd94ecf
3373 [restartedMain] INFO  com.zaxxer.hikari.HikariDataSource
                – HikariPool-1 - Start completed.
3420 [restartedMain] INFO  o.h.jpa.internal.util.LogHelper
                – HHH000204: Processing PersistenceUnitInfo [name: default]
3490 [restartedMain] INFO  org.hibernate.Version
                – HHH000412: Hibernate ORM core version 6.1.7.Final
4062 [restartedMain] INFO  SQL dialect
                – HHH000400: Using dialect: org.hibernate.dialect.PostgreSQLDialect
5110 [restartedMain] INFO  o.h.e.t.j.p.i.JtaPlatformInitiator
                – HHH000490: Using JtaPlatform implementation: [org.hibernate.engine.transaction.jta.platform.internal.NoJtaPlatform]
5145 [restartedMain] INFO  o.s.o.j.LocalContainerEntityManagerFactoryBean
                – Initialized JPA EntityManagerFactory for persistence unit 'default'
5952 [restartedMain] WARN  o.s.b.a.o.j.JpaBaseConfiguration$JpaWebConfiguration
                – spring.jpa.open-in-view is enabled by default. Therefore, database queries may be performed during view rendering. Explicitly configure spring.jpa.open-in-view to disable this warning
6182 [restartedMain] INFO  o.s.b.a.w.s.WelcomePageHandlerMapping
                – Adding welcome page template: index
6197 [restartedMain] INFO  o.s.aop.framework.CglibAopProxy
                – Unable to proxy interface-implementing method [public final void org.springframework.web.servlet.support.AbstractFlashMapManager.saveOutputFlashMap(org.springframework.web.servlet.FlashMap,jakarta.servlet.http.HttpServletRequest,jakarta.servlet.http.HttpServletResponse)] because it is marked as final: Consider using interface-based JDK proxies instead!
6198 [restartedMain] INFO  o.s.aop.framework.CglibAopProxy
                – Unable to proxy interface-implementing method [public final org.springframework.web.servlet.FlashMap org.springframework.web.servlet.support.AbstractFlashMapManager.retrieveAndUpdate(jakarta.servlet.http.HttpServletRequest,jakarta.servlet.http.HttpServletResponse)] because it is marked as final: Consider using interface-based JDK proxies instead!
6434 [restartedMain] INFO  o.s.b.d.a.OptionalLiveReloadServer
                – LiveReload server is running on port 35729
6456 [restartedMain] INFO  o.a.coyote.http11.Http11NioProtocol
                – Starting ProtocolHandler ["http-nio-8080"]
6486 [restartedMain] INFO  o.s.b.w.e.tomcat.TomcatWebServer
                – Tomcat started on port(s): 8080 (http) with context path ''
6495 [restartedMain] INFO  com.example.lab19.Lab19Application
                – Started Lab19Application in 6.03 seconds (process running for 6.96)
17393 [http-nio-8080-exec-1] INFO  o.a.c.c.C.[Tomcat].[localhost].[/]
                – Initializing Spring DispatcherServlet 'dispatcherServlet'
17393 [http-nio-8080-exec-1] INFO  o.s.web.servlet.DispatcherServlet
                – Initializing Servlet 'dispatcherServlet'
17395 [http-nio-8080-exec-1] INFO  o.s.web.servlet.DispatcherServlet
                – Completed initialization in 1 ms
17522 [http-nio-8080-exec-1] INFO  com.example.lab19.Aspect
                –  Имя метода  save Параметры  [Ljava.lang.Object;@65d5b5af
17522 [http-nio-8080-exec-1] INFO  c.e.lab19.service.EmailService
                – Отправка сообщения void com.example.lab19.service.AdressService.save(Adress)
17523 [http-nio-8080-exec-1] INFO  com.example.lab19.Aspect
                –  Время выполнения : save1928700nano s 
17524 [http-nio-8080-exec-1] INFO  com.example.lab19.Aspect
                –  Имя метода  savewitBuil Параметры  [Ljava.lang.Object;@4f5fe0e7
17524 [http-nio-8080-exec-1] INFO  c.e.lab19.service.EmailService
                – Отправка сообщения void com.example.lab19.service.BuildingService.savewitBuil(Building,Adress)
17524 [http-nio-8080-exec-1] INFO  com.example.lab19.Aspect
                –  Время выполнения : savewitBuil276000nano s 
90824 [SpringApplicationShutdownHook] INFO  o.s.o.j.LocalContainerEntityManagerFactoryBean
                – Closing JPA EntityManagerFactory for persistence unit 'default'
90830 [SpringApplicationShutdownHook] INFO  com.zaxxer.hikari.HikariDataSource
                – HikariPool-1 - Shutdown initiated...
90844 [SpringApplicationShutdownHook] INFO  com.zaxxer.hikari.HikariDataSource
                – HikariPool-1 - Shutdown completed.
908  [restartedMain] INFO  com.example.lab19.Lab19Application
                – Starting Lab19Application using Java 20 with PID 31156 (D:\JavaPatternMirea\src\Lab19\target\classes started by rodio in D:\JavaPatternMirea)
912  [restartedMain] INFO  com.example.lab19.Lab19Application
                – No active profile set, falling back to 1 default profile: "default"
1011 [restartedMain] INFO  o.s.b.d.e.DevToolsPropertyDefaultsPostProcessor
                – Devtools property defaults active! Set 'spring.devtools.add-properties' to 'false' to disable
1012 [restartedMain] INFO  o.s.b.d.e.DevToolsPropertyDefaultsPostProcessor
                – For additional web related logging consider setting the 'logging.level.web' property to 'DEBUG'
2203 [restartedMain] INFO  o.s.d.r.c.RepositoryConfigurationDelegate
                – Bootstrapping Spring Data JPA repositories in DEFAULT mode.
2304 [restartedMain] INFO  o.s.d.r.c.RepositoryConfigurationDelegate
                – Finished Spring Data repository scanning in 85 ms. Found 2 JPA repository interfaces.
3104 [restartedMain] INFO  o.s.b.w.e.tomcat.TomcatWebServer
                – Tomcat initialized with port(s): 8080 (http)
3111 [restartedMain] INFO  o.a.coyote.http11.Http11NioProtocol
                – Initializing ProtocolHandler ["http-nio-8080"]
3112 [restartedMain] INFO  o.a.catalina.core.StandardService
                – Starting service [Tomcat]
3112 [restartedMain] INFO  o.a.catalina.core.StandardEngine
                – Starting Servlet engine: [Apache Tomcat/10.1.7]
3205 [restartedMain] INFO  o.a.c.c.C.[Tomcat].[localhost].[/]
                – Initializing Spring embedded WebApplicationContext
3205 [restartedMain] INFO  o.s.b.w.s.c.ServletWebServerApplicationContext
                – Root WebApplicationContext: initialization completed in 2193 ms
3406 [restartedMain] INFO  com.zaxxer.hikari.HikariDataSource
                – HikariPool-1 - Starting...
3643 [restartedMain] INFO  com.zaxxer.hikari.pool.HikariPool
                – HikariPool-1 - Added connection org.postgresql.jdbc.PgConnection@383fba44
3647 [restartedMain] INFO  com.zaxxer.hikari.HikariDataSource
                – HikariPool-1 - Start completed.
3741 [restartedMain] INFO  o.h.jpa.internal.util.LogHelper
                – HHH000204: Processing PersistenceUnitInfo [name: default]
3910 [restartedMain] INFO  org.hibernate.Version
                – HHH000412: Hibernate ORM core version 6.1.7.Final
4614 [restartedMain] INFO  SQL dialect
                – HHH000400: Using dialect: org.hibernate.dialect.PostgreSQLDialect
6348 [restartedMain] INFO  o.h.e.t.j.p.i.JtaPlatformInitiator
                – HHH000490: Using JtaPlatform implementation: [org.hibernate.engine.transaction.jta.platform.internal.NoJtaPlatform]
6368 [restartedMain] INFO  o.s.o.j.LocalContainerEntityManagerFactoryBean
                – Initialized JPA EntityManagerFactory for persistence unit 'default'
7133 [restartedMain] WARN  o.s.b.a.o.j.JpaBaseConfiguration$JpaWebConfiguration
                – spring.jpa.open-in-view is enabled by default. Therefore, database queries may be performed during view rendering. Explicitly configure spring.jpa.open-in-view to disable this warning
7440 [restartedMain] INFO  o.s.b.a.w.s.WelcomePageHandlerMapping
                – Adding welcome page template: index
7467 [restartedMain] INFO  o.s.aop.framework.CglibAopProxy
                – Unable to proxy interface-implementing method [public final org.springframework.web.servlet.FlashMap org.springframework.web.servlet.support.AbstractFlashMapManager.retrieveAndUpdate(jakarta.servlet.http.HttpServletRequest,jakarta.servlet.http.HttpServletResponse)] because it is marked as final: Consider using interface-based JDK proxies instead!
7467 [restartedMain] INFO  o.s.aop.framework.CglibAopProxy
                – Unable to proxy interface-implementing method [public final void org.springframework.web.servlet.support.AbstractFlashMapManager.saveOutputFlashMap(org.springframework.web.servlet.FlashMap,jakarta.servlet.http.HttpServletRequest,jakarta.servlet.http.HttpServletResponse)] because it is marked as final: Consider using interface-based JDK proxies instead!
7897 [restartedMain] INFO  o.s.b.d.a.OptionalLiveReloadServer
                – LiveReload server is running on port 35729
7928 [restartedMain] INFO  o.a.coyote.http11.Http11NioProtocol
                – Starting ProtocolHandler ["http-nio-8080"]
7953 [restartedMain] INFO  o.s.b.w.e.tomcat.TomcatWebServer
                – Tomcat started on port(s): 8080 (http) with context path ''
7968 [restartedMain] INFO  com.example.lab19.Lab19Application
                – Started Lab19Application in 7.513 seconds (process running for 8.722)
16658 [http-nio-8080-exec-1] INFO  o.a.c.c.C.[Tomcat].[localhost].[/]
                – Initializing Spring DispatcherServlet 'dispatcherServlet'
16658 [http-nio-8080-exec-1] INFO  o.s.web.servlet.DispatcherServlet
                – Initializing Servlet 'dispatcherServlet'
16659 [http-nio-8080-exec-1] INFO  o.s.web.servlet.DispatcherServlet
                – Completed initialization in 1 ms
24851 [http-nio-8080-exec-2] INFO  com.example.lab19.Aspect
                –  Имя метода  save Параметры  [Ljava.lang.Object;@2828c541
24852 [http-nio-8080-exec-2] INFO  c.e.lab19.service.EmailService
                – Отправка сообщения void com.example.lab19.service.AdressService.save(Adress)
24852 [http-nio-8080-exec-2] INFO  com.example.lab19.Aspect
                –  Время выполнения : save4101500nano s 
24855 [http-nio-8080-exec-2] INFO  com.example.lab19.Aspect
                –  Имя метода  savewitBuil Параметры  [Ljava.lang.Object;@1a3ed6b1
24855 [http-nio-8080-exec-2] INFO  c.e.lab19.service.EmailService
                – Отправка сообщения void com.example.lab19.service.BuildingService.savewitBuil(Building,Adress)
24855 [http-nio-8080-exec-2] INFO  com.example.lab19.Aspect
                –  Время выполнения : savewitBuil489600nano s 
75839 [SpringApplicationShutdownHook] INFO  o.s.o.j.LocalContainerEntityManagerFactoryBean
                – Closing JPA EntityManagerFactory for persistence unit 'default'
75843 [SpringApplicationShutdownHook] INFO  com.zaxxer.hikari.HikariDataSource
                – HikariPool-1 - Shutdown initiated...
75847 [SpringApplicationShutdownHook] INFO  com.zaxxer.hikari.HikariDataSource
                – HikariPool-1 - Shutdown completed.
